plugins/plugin-native-talkmode/android/build/intermediates/manifest_merge_blame_file/debug/processDebugManifest/manifest-merger-blame-debug-report.txt
1<?xml version="1.0" encoding="utf-8"?>
2<manifest xmlns:android="http://schemas.android.com/apk/res/android"
3    package="ai.eliza.plugins.talkmode" >
4
5    <uses-sdk android:minSdkVersion="26" />
5-->INJECTED
5-->INJECTED
6    <!-- Microphone permission for speech recognition -->
7    <uses-permission android:name="android.permission.RECORD_AUDIO" />
7-->src/main/AndroidManifest.xml:4:5-71
7-->src/main/AndroidManifest.xml:4:22-68
8    <!-- Internet permission for ElevenLabs TTS API -->
9    <uses-permission android:name="android.permission.INTERNET" />
9-->src/main/AndroidManifest.xml:6:5-67
9-->src/main/AndroidManifest.xml:6:22-64
10
11</manifest>